2022-03-14 20:37:16,110 INFO o.h.v.i.u.Version [background-preinit] HV000001: Hibernate Validator 6.2.2.Final
2022-03-14 20:37:16,168 INFO o.s.b.StartupInfoLogger [main] Starting CustomOrderRepositoryTests using Java 11.0.12 on TABLET-B4K23GPV with PID 14936 (started by Mert in C:\Users\Mert\IdeaProjects\portal\portal\operation)
2022-03-14 20:37:16,172 INFO o.s.b.SpringApplication [main] No active profile set, falling back to 1 default profile: "default"
2022-03-14 20:37:16,264 INFO o.s.c.a.ConfigurationClassParser [main] Properties location [file:./portal-config-repository/application.properties] not resolvable: .\portal-config-repository\application.properties (The system cannot find the path specified)
2022-03-14 20:37:16,264 INFO o.s.c.a.ConfigurationClassParser [main] Properties location [file:./portal-config-repository/application-dev.properties] not resolvable: .\portal-config-repository\application-dev.properties (The system cannot find the path specified)
2022-03-14 20:37:16,265 INFO o.s.c.a.ConfigurationClassParser [main] Properties location [file:./portal-config-repository/application-test.properties] not resolvable: .\portal-config-repository\application-test.properties (The system cannot find the path specified)
2022-03-14 20:37:16,265 INFO o.s.c.a.ConfigurationClassParser [main] Properties location [file:./portal-config-repository/application-prod.properties] not resolvable: .\portal-config-repository\application-prod.properties (The system cannot find the path specified)
2022-03-14 20:37:17,297 INFO o.s.d.r.c.RepositoryConfigurationDelegate [main] Bootstrapping Spring Data MongoDB repositories in DEFAULT mode.
2022-03-14 20:37:17,354 INFO o.s.d.r.c.RepositoryConfigurationDelegate [main] Finished Spring Data repository scanning in 51 ms. Found 3 MongoDB repository interfaces.
2022-03-14 20:37:17,572 INFO o.s.c.c.s.GenericScope [main] BeanFactory id=1edecf75-fc0e-3749-b961-59e108e37e05
2022-03-14 20:37:18,379 INFO c.m.d.l.SLF4JLogger [main] Cluster created with settings {hosts=[localhost:27017], mode=SINGLE, requiredClusterType=UNKNOWN, serverSelectionTimeout='30000 ms'}
2022-03-14 20:37:19,209 INFO o.s.b.a.s.s.UserDetailsServiceAutoConfiguration [main] 

Using generated security password: d3cb6896-5cea-472a-833f-83c2b69de63d

2022-03-14 20:37:19,268 WARN o.s.s.c.a.w.b.WebSecurity [main] You are asking Spring Security to ignore Ant [pattern='/v2/api-docs']. This is not recommended -- please use permitAll via HttpSecurity#authorizeHttpRequests instead.
2022-03-14 20:37:19,268 INFO o.s.s.w.DefaultSecurityFilterChain [main] Will secure Ant [pattern='/v2/api-docs'] with []
2022-03-14 20:37:19,269 WARN o.s.s.c.a.w.b.WebSecurity [main] You are asking Spring Security to ignore Ant [pattern='/configuration/ui']. This is not recommended -- please use permitAll via HttpSecurity#authorizeHttpRequests instead.
2022-03-14 20:37:19,269 INFO o.s.s.w.DefaultSecurityFilterChain [main] Will secure Ant [pattern='/configuration/ui'] with []
2022-03-14 20:37:19,269 WARN o.s.s.c.a.w.b.WebSecurity [main] You are asking Spring Security to ignore Ant [pattern='/swagger-resources/**']. This is not recommended -- please use permitAll via HttpSecurity#authorizeHttpRequests instead.
2022-03-14 20:37:19,269 INFO o.s.s.w.DefaultSecurityFilterChain [main] Will secure Ant [pattern='/swagger-resources/**'] with []
2022-03-14 20:37:19,269 WARN o.s.s.c.a.w.b.WebSecurity [main] You are asking Spring Security to ignore Ant [pattern='/configuration/security']. This is not recommended -- please use permitAll via HttpSecurity#authorizeHttpRequests instead.
2022-03-14 20:37:19,269 INFO o.s.s.w.DefaultSecurityFilterChain [main] Will secure Ant [pattern='/configuration/security'] with []
2022-03-14 20:37:19,270 WARN o.s.s.c.a.w.b.WebSecurity [main] You are asking Spring Security to ignore Ant [pattern='/swagger-ui.html']. This is not recommended -- please use permitAll via HttpSecurity#authorizeHttpRequests instead.
2022-03-14 20:37:19,270 INFO o.s.s.w.DefaultSecurityFilterChain [main] Will secure Ant [pattern='/swagger-ui.html'] with []
2022-03-14 20:37:19,270 WARN o.s.s.c.a.w.b.WebSecurity [main] You are asking Spring Security to ignore Ant [pattern='/actuator']. This is not recommended -- please use permitAll via HttpSecurity#authorizeHttpRequests instead.
2022-03-14 20:37:19,270 INFO o.s.s.w.DefaultSecurityFilterChain [main] Will secure Ant [pattern='/actuator'] with []
2022-03-14 20:37:19,270 WARN o.s.s.c.a.w.b.WebSecurity [main] You are asking Spring Security to ignore Ant [pattern='/v3/api-docs']. This is not recommended -- please use permitAll via HttpSecurity#authorizeHttpRequests instead.
2022-03-14 20:37:19,270 INFO o.s.s.w.DefaultSecurityFilterChain [main] Will secure Ant [pattern='/v3/api-docs'] with []
2022-03-14 20:37:19,270 WARN o.s.s.c.a.w.b.WebSecurity [main] You are asking Spring Security to ignore Ant [pattern='/webjars/**']. This is not recommended -- please use permitAll via HttpSecurity#authorizeHttpRequests instead.
2022-03-14 20:37:19,270 INFO o.s.s.w.DefaultSecurityFilterChain [main] Will secure Ant [pattern='/webjars/**'] with []
2022-03-14 20:37:19,343 INFO o.s.s.w.DefaultSecurityFilterChain [main] Will not secure any request
2022-03-14 20:37:20,429 INFO c.m.d.l.SLF4JLogger [cluster-ClusterId{value='622f7d4ef178703fa990c96d', description='null'}-localhost:27017] Exception in monitor thread while connecting to server localhost:27017
com.mongodb.MongoSocketOpenException: Exception opening socket
	at com.mongodb.internal.connection.SocketStream.open(SocketStream.java:70) ~[mongodb-driver-core-4.4.2.jar:?]
	at com.mongodb.internal.connection.InternalStreamConnection.open(InternalStreamConnection.java:180) ~[mongodb-driver-core-4.4.2.jar:?]
	at com.mongodb.internal.connection.DefaultServerMonitor$ServerMonitorRunnable.lookupServerDescription(DefaultServerMonitor.java:188) [mongodb-driver-core-4.4.2.jar:?]
	at com.mongodb.internal.connection.DefaultServerMonitor$ServerMonitorRunnable.run(DefaultServerMonitor.java:152) [mongodb-driver-core-4.4.2.jar:?]
	at java.lang.Thread.run(Thread.java:834) [?:?]
Caused by: java.net.ConnectException: Connection refused: connect
	at java.net.PlainSocketImpl.waitForConnect(Native Method) ~[?:?]
	at java.net.PlainSocketImpl.socketConnect(PlainSocketImpl.java:107) ~[?:?]
	at java.net.AbstractPlainSocketImpl.doConnect(AbstractPlainSocketImpl.java:399) ~[?:?]
	at java.net.AbstractPlainSocketImpl.connectToAddress(AbstractPlainSocketImpl.java:242) ~[?:?]
	at java.net.AbstractPlainSocketImpl.connect(AbstractPlainSocketImpl.java:224) ~[?:?]
	at java.net.SocksSocketImpl.connect(SocksSocketImpl.java:392) ~[?:?]
	at java.net.Socket.connect(Socket.java:608) ~[?:?]
	at com.mongodb.internal.connection.SocketStreamHelper.initialize(SocketStreamHelper.java:107) ~[mongodb-driver-core-4.4.2.jar:?]
	at com.mongodb.internal.connection.SocketStream.initializeSocket(SocketStream.java:79) ~[mongodb-driver-core-4.4.2.jar:?]
	at com.mongodb.internal.connection.SocketStream.open(SocketStream.java:65) ~[mongodb-driver-core-4.4.2.jar:?]
	... 4 more
2022-03-14 20:37:21,012 INFO o.s.m.w.MockServletContext [main] Initializing Spring TestDispatcherServlet ''
2022-03-14 20:37:21,012 INFO o.s.w.s.FrameworkServlet [main] Initializing Servlet ''
2022-03-14 20:37:21,021 INFO o.s.b.a.e.w.EndpointLinksResolver [main] Exposing 1 endpoint(s) beneath base path '/actuator'
2022-03-14 20:37:21,042 INFO o.s.w.s.FrameworkServlet [main] Completed initialization in 30 ms
2022-03-14 20:37:21,485 INFO o.s.b.StartupInfoLogger [main] Started CustomOrderRepositoryTests in 5.915 seconds (JVM running for 7.311)
2022-03-14 20:37:21,896 INFO c.m.d.l.SLF4JLogger [main] Cluster created with settings {hosts=[127.0.0.1:27017], srvHost=cluster0.4xvkv.mongodb.net, mode=MULTIPLE, requiredClusterType=REPLICA_SET, serverSelectionTimeout='30000 ms', requiredReplicaSetName='atlas-11r4r6-shard-0'}
2022-03-14 20:37:21,937 INFO c.m.d.l.SLF4JLogger [main] Cluster description not yet available. Waiting for 30000 ms before timing out
2022-03-14 20:37:21,962 INFO c.m.d.l.SLF4JLogger [cluster-ClusterId{value='622f7d51f178703fa990c96e', description='null'}-srv-cluster0.4xvkv.mongodb.net] Adding discovered server cluster0-shard-00-00.4xvkv.mongodb.net:27017 to client view of cluster
2022-03-14 20:37:21,964 INFO c.m.d.l.SLF4JLogger [cluster-ClusterId{value='622f7d51f178703fa990c96e', description='null'}-srv-cluster0.4xvkv.mongodb.net] Adding discovered server cluster0-shard-00-01.4xvkv.mongodb.net:27017 to client view of cluster
2022-03-14 20:37:21,965 INFO c.m.d.l.SLF4JLogger [cluster-ClusterId{value='622f7d51f178703fa990c96e', description='null'}-srv-cluster0.4xvkv.mongodb.net] Adding discovered server cluster0-shard-00-02.4xvkv.mongodb.net:27017 to client view of cluster
2022-03-14 20:37:21,969 INFO c.m.d.l.SLF4JLogger [main] No server chosen by com.mongodb.client.internal.MongoClientDelegate$1@6f09cb98 from cluster description ClusterDescription{type=REPLICA_SET, connectionMode=MULTIPLE, serverDescriptions=[ServerDescription{address=cluster0-shard-00-00.4xvkv.mongodb.net:27017, type=UNKNOWN, state=CONNECTING}, ServerDescription{address=cluster0-shard-00-02.4xvkv.mongodb.net:27017, type=UNKNOWN, state=CONNECTING}, ServerDescription{address=cluster0-shard-00-01.4xvkv.mongodb.net:27017, type=UNKNOWN, state=CONNECTING}]}. Waiting for 30000 ms before timing out
2022-03-14 20:37:22,871 INFO c.m.d.l.SLF4JLogger [cluster-rtt-ClusterId{value='622f7d51f178703fa990c96e', description='null'}-cluster0-shard-00-00.4xvkv.mongodb.net:27017] Opened connection [connectionId{localValue:4, serverValue:26445}] to cluster0-shard-00-00.4xvkv.mongodb.net:27017
2022-03-14 20:37:22,871 INFO c.m.d.l.SLF4JLogger [cluster-ClusterId{value='622f7d51f178703fa990c96e', description='null'}-cluster0-shard-00-00.4xvkv.mongodb.net:27017] Opened connection [connectionId{localValue:3, serverValue:26445}] to cluster0-shard-00-00.4xvkv.mongodb.net:27017
2022-03-14 20:37:22,871 INFO c.m.d.l.SLF4JLogger [cluster-rtt-ClusterId{value='622f7d51f178703fa990c96e', description='null'}-cluster0-shard-00-01.4xvkv.mongodb.net:27017] Opened connection [connectionId{localValue:6, serverValue:26097}] to cluster0-shard-00-01.4xvkv.mongodb.net:27017
2022-03-14 20:37:22,871 INFO c.m.d.l.SLF4JLogger [cluster-ClusterId{value='622f7d51f178703fa990c96e', description='null'}-cluster0-shard-00-01.4xvkv.mongodb.net:27017] Opened connection [connectionId{localValue:5, serverValue:26096}] to cluster0-shard-00-01.4xvkv.mongodb.net:27017
2022-03-14 20:37:22,873 INFO c.m.d.l.SLF4JLogger [cluster-ClusterId{value='622f7d51f178703fa990c96e', description='null'}-cluster0-shard-00-00.4xvkv.mongodb.net:27017] Monitor thread successfully connected to server with description ServerDescription{address=cluster0-shard-00-00.4xvkv.mongodb.net:27017, type=REPLICA_SET_SECONDARY, state=CONNECTED, ok=true, minWireVersion=0, maxWireVersion=13, maxDocumentSize=16777216, logicalSessionTimeoutMinutes=30, roundTripTimeNanos=551707000, setName='atlas-11r4r6-shard-0', canonicalAddress=cluster0-shard-00-00.4xvkv.mongodb.net:27017, hosts=[cluster0-shard-00-02.4xvkv.mongodb.net:27017, cluster0-shard-00-00.4xvkv.mongodb.net:27017, cluster0-shard-00-01.4xvkv.mongodb.net:27017], passives=[], arbiters=[], primary='cluster0-shard-00-01.4xvkv.mongodb.net:27017', tagSet=TagSet{[Tag{name='nodeType', value='ELECTABLE'}, Tag{name='provider', value='AWS'}, Tag{name='region', value='ME_SOUTH_1'}, Tag{name='workloadType', value='OPERATIONAL'}]}, electionId=null, setVersion=1, topologyVersion=TopologyVersion{processId=622df0c297e8589d58e6889a, counter=8}, lastWriteDate=Mon Mar 14 20:37:13 EET 2022, lastUpdateTimeNanos=304460749000900}
2022-03-14 20:37:22,874 INFO c.m.d.l.SLF4JLogger [cluster-ClusterId{value='622f7d51f178703fa990c96e', description='null'}-cluster0-shard-00-01.4xvkv.mongodb.net:27017] Monitor thread successfully connected to server with description ServerDescription{address=cluster0-shard-00-01.4xvkv.mongodb.net:27017, type=REPLICA_SET_PRIMARY, state=CONNECTED, ok=true, minWireVersion=0, maxWireVersion=13, maxDocumentSize=16777216, logicalSessionTimeoutMinutes=30, roundTripTimeNanos=558207200, setName='atlas-11r4r6-shard-0', canonicalAddress=cluster0-shard-00-01.4xvkv.mongodb.net:27017, hosts=[cluster0-shard-00-02.4xvkv.mongodb.net:27017, cluster0-shard-00-00.4xvkv.mongodb.net:27017, cluster0-shard-00-01.4xvkv.mongodb.net:27017], passives=[], arbiters=[], primary='cluster0-shard-00-01.4xvkv.mongodb.net:27017', tagSet=TagSet{[Tag{name='nodeType', value='ELECTABLE'}, Tag{name='provider', value='AWS'}, Tag{name='region', value='ME_SOUTH_1'}, Tag{name='workloadType', value='OPERATIONAL'}]}, electionId=7fffffff0000000000000002, setVersion=1, topologyVersion=TopologyVersion{processId=622df0f4973d2919fc9fe26d, counter=7}, lastWriteDate=Mon Mar 14 20:37:13 EET 2022, lastUpdateTimeNanos=304460749001000}
2022-03-14 20:37:22,881 INFO c.m.d.l.SLF4JLogger [cluster-rtt-ClusterId{value='622f7d51f178703fa990c96e', description='null'}-cluster0-shard-00-02.4xvkv.mongodb.net:27017] Opened connection [connectionId{localValue:8, serverValue:25367}] to cluster0-shard-00-02.4xvkv.mongodb.net:27017
2022-03-14 20:37:22,881 INFO c.m.d.l.SLF4JLogger [cluster-ClusterId{value='622f7d51f178703fa990c96e', description='null'}-cluster0-shard-00-01.4xvkv.mongodb.net:27017] Setting max election id to 7fffffff0000000000000002 from replica set primary cluster0-shard-00-01.4xvkv.mongodb.net:27017
2022-03-14 20:37:22,882 INFO c.m.d.l.SLF4JLogger [cluster-ClusterId{value='622f7d51f178703fa990c96e', description='null'}-cluster0-shard-00-01.4xvkv.mongodb.net:27017] Setting max set version to 1 from replica set primary cluster0-shard-00-01.4xvkv.mongodb.net:27017
2022-03-14 20:37:22,882 INFO c.m.d.l.SLF4JLogger [cluster-ClusterId{value='622f7d51f178703fa990c96e', description='null'}-cluster0-shard-00-01.4xvkv.mongodb.net:27017] Discovered replica set primary cluster0-shard-00-01.4xvkv.mongodb.net:27017
2022-03-14 20:37:22,886 INFO c.m.d.l.SLF4JLogger [cluster-ClusterId{value='622f7d51f178703fa990c96e', description='null'}-cluster0-shard-00-02.4xvkv.mongodb.net:27017] Opened connection [connectionId{localValue:7, serverValue:25365}] to cluster0-shard-00-02.4xvkv.mongodb.net:27017
2022-03-14 20:37:22,887 INFO c.m.d.l.SLF4JLogger [cluster-ClusterId{value='622f7d51f178703fa990c96e', description='null'}-cluster0-shard-00-02.4xvkv.mongodb.net:27017] Monitor thread successfully connected to server with description ServerDescription{address=cluster0-shard-00-02.4xvkv.mongodb.net:27017, type=REPLICA_SET_SECONDARY, state=CONNECTED, ok=true, minWireVersion=0, maxWireVersion=13, maxDocumentSize=16777216, logicalSessionTimeoutMinutes=30, roundTripTimeNanos=576724300, setName='atlas-11r4r6-shard-0', canonicalAddress=cluster0-shard-00-02.4xvkv.mongodb.net:27017, hosts=[cluster0-shard-00-02.4xvkv.mongodb.net:27017, cluster0-shard-00-00.4xvkv.mongodb.net:27017, cluster0-shard-00-01.4xvkv.mongodb.net:27017], passives=[], arbiters=[], primary='cluster0-shard-00-01.4xvkv.mongodb.net:27017', tagSet=TagSet{[Tag{name='nodeType', value='ELECTABLE'}, Tag{name='provider', value='AWS'}, Tag{name='region', value='ME_SOUTH_1'}, Tag{name='workloadType', value='OPERATIONAL'}]}, electionId=null, setVersion=1, topologyVersion=TopologyVersion{processId=622df0fcc0f9c899c2e1fbd4, counter=5}, lastWriteDate=Mon Mar 14 20:37:13 EET 2022, lastUpdateTimeNanos=304460767510200}
2022-03-14 20:37:23,929 INFO c.m.d.l.SLF4JLogger [main] Opened connection [connectionId{localValue:9, serverValue:26095}] to cluster0-shard-00-01.4xvkv.mongodb.net:27017
