2022-03-14 19:47:01,020 INFO o.h.v.i.u.Version [background-preinit] HV000001: Hibernate Validator 6.2.2.Final
2022-03-14 19:47:01,067 INFO o.s.b.StartupInfoLogger [main] Starting OperationApplication using Java 11.0.12 on TABLET-B4K23GPV with PID 15856 (C:\Users\Mert\IdeaProjects\portal\portal\operation\target\classes started by Mert in C:\Users\Mert\IdeaProjects\portal\portal)
2022-03-14 19:47:01,070 INFO o.s.b.SpringApplication [main] No active profile set, falling back to 1 default profile: "default"
2022-03-14 19:47:02,273 INFO o.s.d.r.c.RepositoryConfigurationDelegate [main] Bootstrapping Spring Data MongoDB repositories in DEFAULT mode.
2022-03-14 19:47:02,352 INFO o.s.d.r.c.RepositoryConfigurationDelegate [main] Finished Spring Data repository scanning in 54 ms. Found 3 MongoDB repository interfaces.
2022-03-14 19:47:02,535 INFO o.s.c.c.s.GenericScope [main] BeanFactory id=5a1cdfb8-a1e4-3607-aaa4-0259fe3887e6
2022-03-14 19:47:03,260 INFO o.s.b.w.e.t.TomcatWebServer [main] Tomcat initialized with port(s): 8080 (http)
2022-03-14 19:47:03,270 INFO o.a.j.l.DirectJDKLog [main] Initializing ProtocolHandler ["http-nio-8080"]
2022-03-14 19:47:03,270 INFO o.a.j.l.DirectJDKLog [main] Starting service [Tomcat]
2022-03-14 19:47:03,271 INFO o.a.j.l.DirectJDKLog [main] Starting Servlet engine: [Apache Tomcat/9.0.58]
2022-03-14 19:47:03,392 INFO o.a.j.l.DirectJDKLog [main] Initializing Spring embedded WebApplicationContext
2022-03-14 19:47:03,392 INFO o.s.b.w.s.c.ServletWebServerApplicationContext [main] Root WebApplicationContext: initialization completed in 2272 ms
2022-03-14 19:47:03,898 INFO c.m.d.l.SLF4JLogger [main] Cluster created with settings {hosts=[127.0.0.1:27017], srvHost=cluster0.4xvkv.mongodb.net, mode=MULTIPLE, requiredClusterType=REPLICA_SET, serverSelectionTimeout='30000 ms', requiredReplicaSetName='atlas-11r4r6-shard-0'}
2022-03-14 19:47:03,957 INFO c.m.d.l.SLF4JLogger [cluster-ClusterId{value='622f718773e2941847841370', description='null'}-srv-cluster0.4xvkv.mongodb.net] Adding discovered server cluster0-shard-00-00.4xvkv.mongodb.net:27017 to client view of cluster
2022-03-14 19:47:03,994 INFO c.m.d.l.SLF4JLogger [cluster-ClusterId{value='622f718773e2941847841370', description='null'}-srv-cluster0.4xvkv.mongodb.net] Adding discovered server cluster0-shard-00-01.4xvkv.mongodb.net:27017 to client view of cluster
2022-03-14 19:47:03,996 INFO c.m.d.l.SLF4JLogger [cluster-ClusterId{value='622f718773e2941847841370', description='null'}-srv-cluster0.4xvkv.mongodb.net] Adding discovered server cluster0-shard-00-02.4xvkv.mongodb.net:27017 to client view of cluster
2022-03-14 19:47:04,866 INFO o.s.b.a.s.s.UserDetailsServiceAutoConfiguration [main] 

Using generated security password: e5b71278-bb72-49b7-83f3-710e54db720e

2022-03-14 19:47:04,931 INFO c.m.d.l.SLF4JLogger [cluster-rtt-ClusterId{value='622f718773e2941847841370', description='null'}-cluster0-shard-00-02.4xvkv.mongodb.net:27017] Opened connection [connectionId{localValue:3, serverValue:24522}] to cluster0-shard-00-02.4xvkv.mongodb.net:27017
2022-03-14 19:47:04,931 INFO c.m.d.l.SLF4JLogger [cluster-ClusterId{value='622f718773e2941847841370', description='null'}-cluster0-shard-00-02.4xvkv.mongodb.net:27017] Opened connection [connectionId{localValue:6, serverValue:24522}] to cluster0-shard-00-02.4xvkv.mongodb.net:27017
2022-03-14 19:47:04,931 INFO c.m.d.l.SLF4JLogger [cluster-ClusterId{value='622f718773e2941847841370', description='null'}-cluster0-shard-00-01.4xvkv.mongodb.net:27017] Opened connection [connectionId{localValue:5, serverValue:25051}] to cluster0-shard-00-01.4xvkv.mongodb.net:27017
2022-03-14 19:47:04,931 INFO c.m.d.l.SLF4JLogger [cluster-ClusterId{value='622f718773e2941847841370', description='null'}-cluster0-shard-00-00.4xvkv.mongodb.net:27017] Opened connection [connectionId{localValue:2, serverValue:25611}] to cluster0-shard-00-00.4xvkv.mongodb.net:27017
2022-03-14 19:47:04,931 INFO c.m.d.l.SLF4JLogger [cluster-rtt-ClusterId{value='622f718773e2941847841370', description='null'}-cluster0-shard-00-01.4xvkv.mongodb.net:27017] Opened connection [connectionId{localValue:1, serverValue:25051}] to cluster0-shard-00-01.4xvkv.mongodb.net:27017
2022-03-14 19:47:04,931 INFO c.m.d.l.SLF4JLogger [cluster-rtt-ClusterId{value='622f718773e2941847841370', description='null'}-cluster0-shard-00-00.4xvkv.mongodb.net:27017] Opened connection [connectionId{localValue:4, serverValue:25611}] to cluster0-shard-00-00.4xvkv.mongodb.net:27017
2022-03-14 19:47:04,936 INFO c.m.d.l.SLF4JLogger [cluster-ClusterId{value='622f718773e2941847841370', description='null'}-cluster0-shard-00-00.4xvkv.mongodb.net:27017] Monitor thread successfully connected to server with description ServerDescription{address=cluster0-shard-00-00.4xvkv.mongodb.net:27017, type=REPLICA_SET_SECONDARY, state=CONNECTED, ok=true, minWireVersion=0, maxWireVersion=13, maxDocumentSize=16777216, logicalSessionTimeoutMinutes=30, roundTripTimeNanos=635844100, setName='atlas-11r4r6-shard-0', canonicalAddress=cluster0-shard-00-00.4xvkv.mongodb.net:27017, hosts=[cluster0-shard-00-02.4xvkv.mongodb.net:27017, cluster0-shard-00-00.4xvkv.mongodb.net:27017, cluster0-shard-00-01.4xvkv.mongodb.net:27017], passives=[], arbiters=[], primary='cluster0-shard-00-01.4xvkv.mongodb.net:27017', tagSet=TagSet{[Tag{name='nodeType', value='ELECTABLE'}, Tag{name='provider', value='AWS'}, Tag{name='region', value='ME_SOUTH_1'}, Tag{name='workloadType', value='OPERATIONAL'}]}, electionId=null, setVersion=1, topologyVersion=TopologyVersion{processId=622df0c297e8589d58e6889a, counter=8}, lastWriteDate=Mon Mar 14 19:46:55 EET 2022, lastUpdateTimeNanos=301442811150000}
2022-03-14 19:47:04,936 INFO c.m.d.l.SLF4JLogger [cluster-ClusterId{value='622f718773e2941847841370', description='null'}-cluster0-shard-00-02.4xvkv.mongodb.net:27017] Monitor thread successfully connected to server with description ServerDescription{address=cluster0-shard-00-02.4xvkv.mongodb.net:27017, type=REPLICA_SET_SECONDARY, state=CONNECTED, ok=true, minWireVersion=0, maxWireVersion=13, maxDocumentSize=16777216, logicalSessionTimeoutMinutes=30, roundTripTimeNanos=713739500, setName='atlas-11r4r6-shard-0', canonicalAddress=cluster0-shard-00-02.4xvkv.mongodb.net:27017, hosts=[cluster0-shard-00-02.4xvkv.mongodb.net:27017, cluster0-shard-00-00.4xvkv.mongodb.net:27017, cluster0-shard-00-01.4xvkv.mongodb.net:27017], passives=[], arbiters=[], primary='cluster0-shard-00-01.4xvkv.mongodb.net:27017', tagSet=TagSet{[Tag{name='nodeType', value='ELECTABLE'}, Tag{name='provider', value='AWS'}, Tag{name='region', value='ME_SOUTH_1'}, Tag{name='workloadType', value='OPERATIONAL'}]}, electionId=null, setVersion=1, topologyVersion=TopologyVersion{processId=622df0fcc0f9c899c2e1fbd4, counter=5}, lastWriteDate=Mon Mar 14 19:46:55 EET 2022, lastUpdateTimeNanos=301442811288700}
2022-03-14 19:47:04,936 INFO c.m.d.l.SLF4JLogger [cluster-ClusterId{value='622f718773e2941847841370', description='null'}-cluster0-shard-00-01.4xvkv.mongodb.net:27017] Monitor thread successfully connected to server with description ServerDescription{address=cluster0-shard-00-01.4xvkv.mongodb.net:27017, type=REPLICA_SET_PRIMARY, state=CONNECTED, ok=true, minWireVersion=0, maxWireVersion=13, maxDocumentSize=16777216, logicalSessionTimeoutMinutes=30, roundTripTimeNanos=639126300, setName='atlas-11r4r6-shard-0', canonicalAddress=cluster0-shard-00-01.4xvkv.mongodb.net:27017, hosts=[cluster0-shard-00-02.4xvkv.mongodb.net:27017, cluster0-shard-00-00.4xvkv.mongodb.net:27017, cluster0-shard-00-01.4xvkv.mongodb.net:27017], passives=[], arbiters=[], primary='cluster0-shard-00-01.4xvkv.mongodb.net:27017', tagSet=TagSet{[Tag{name='nodeType', value='ELECTABLE'}, Tag{name='provider', value='AWS'}, Tag{name='region', value='ME_SOUTH_1'}, Tag{name='workloadType', value='OPERATIONAL'}]}, electionId=7fffffff0000000000000002, setVersion=1, topologyVersion=TopologyVersion{processId=622df0f4973d2919fc9fe26d, counter=7}, lastWriteDate=Mon Mar 14 19:46:55 EET 2022, lastUpdateTimeNanos=301442811150000}
2022-03-14 19:47:04,940 INFO c.m.d.l.SLF4JLogger [cluster-ClusterId{value='622f718773e2941847841370', description='null'}-cluster0-shard-00-01.4xvkv.mongodb.net:27017] Setting max election id to 7fffffff0000000000000002 from replica set primary cluster0-shard-00-01.4xvkv.mongodb.net:27017
2022-03-14 19:47:04,941 INFO c.m.d.l.SLF4JLogger [cluster-ClusterId{value='622f718773e2941847841370', description='null'}-cluster0-shard-00-01.4xvkv.mongodb.net:27017] Setting max set version to 1 from replica set primary cluster0-shard-00-01.4xvkv.mongodb.net:27017
2022-03-14 19:47:04,941 WARN o.s.s.c.a.w.b.WebSecurity [main] You are asking Spring Security to ignore Ant [pattern='/v2/api-docs']. This is not recommended -- please use permitAll via HttpSecurity#authorizeHttpRequests instead.
2022-03-14 19:47:04,941 INFO c.m.d.l.SLF4JLogger [cluster-ClusterId{value='622f718773e2941847841370', description='null'}-cluster0-shard-00-01.4xvkv.mongodb.net:27017] Discovered replica set primary cluster0-shard-00-01.4xvkv.mongodb.net:27017
2022-03-14 19:47:04,941 INFO o.s.s.w.DefaultSecurityFilterChain [main] Will secure Ant [pattern='/v2/api-docs'] with []
2022-03-14 19:47:04,942 WARN o.s.s.c.a.w.b.WebSecurity [main] You are asking Spring Security to ignore Ant [pattern='/configuration/ui']. This is not recommended -- please use permitAll via HttpSecurity#authorizeHttpRequests instead.
2022-03-14 19:47:04,942 INFO o.s.s.w.DefaultSecurityFilterChain [main] Will secure Ant [pattern='/configuration/ui'] with []
2022-03-14 19:47:04,943 WARN o.s.s.c.a.w.b.WebSecurity [main] You are asking Spring Security to ignore Ant [pattern='/swagger-resources/**']. This is not recommended -- please use permitAll via HttpSecurity#authorizeHttpRequests instead.
2022-03-14 19:47:04,943 INFO o.s.s.w.DefaultSecurityFilterChain [main] Will secure Ant [pattern='/swagger-resources/**'] with []
2022-03-14 19:47:04,943 WARN o.s.s.c.a.w.b.WebSecurity [main] You are asking Spring Security to ignore Ant [pattern='/configuration/security']. This is not recommended -- please use permitAll via HttpSecurity#authorizeHttpRequests instead.
2022-03-14 19:47:04,943 INFO o.s.s.w.DefaultSecurityFilterChain [main] Will secure Ant [pattern='/configuration/security'] with []
2022-03-14 19:47:04,943 WARN o.s.s.c.a.w.b.WebSecurity [main] You are asking Spring Security to ignore Ant [pattern='/swagger-ui.html']. This is not recommended -- please use permitAll via HttpSecurity#authorizeHttpRequests instead.
2022-03-14 19:47:04,944 INFO o.s.s.w.DefaultSecurityFilterChain [main] Will secure Ant [pattern='/swagger-ui.html'] with []
2022-03-14 19:47:04,944 WARN o.s.s.c.a.w.b.WebSecurity [main] You are asking Spring Security to ignore Ant [pattern='/actuator']. This is not recommended -- please use permitAll via HttpSecurity#authorizeHttpRequests instead.
2022-03-14 19:47:04,944 INFO o.s.s.w.DefaultSecurityFilterChain [main] Will secure Ant [pattern='/actuator'] with []
2022-03-14 19:47:04,944 WARN o.s.s.c.a.w.b.WebSecurity [main] You are asking Spring Security to ignore Ant [pattern='/v3/api-docs']. This is not recommended -- please use permitAll via HttpSecurity#authorizeHttpRequests instead.
2022-03-14 19:47:04,944 INFO o.s.s.w.DefaultSecurityFilterChain [main] Will secure Ant [pattern='/v3/api-docs'] with []
2022-03-14 19:47:04,944 WARN o.s.s.c.a.w.b.WebSecurity [main] You are asking Spring Security to ignore Ant [pattern='/webjars/**']. This is not recommended -- please use permitAll via HttpSecurity#authorizeHttpRequests instead.
2022-03-14 19:47:04,944 INFO o.s.s.w.DefaultSecurityFilterChain [main] Will secure Ant [pattern='/webjars/**'] with []
2022-03-14 19:47:04,983 INFO o.s.s.w.DefaultSecurityFilterChain [main] Will not secure any request
2022-03-14 19:47:06,276 INFO o.s.b.a.e.w.EndpointLinksResolver [main] Exposing 1 endpoint(s) beneath base path '/actuator'
2022-03-14 19:47:06,316 INFO o.a.j.l.DirectJDKLog [main] Starting ProtocolHandler ["http-nio-8080"]
2022-03-14 19:47:06,340 INFO o.s.b.w.e.t.TomcatWebServer [main] Tomcat started on port(s): 8080 (http) with context path ''
2022-03-14 19:47:06,616 INFO o.s.b.StartupInfoLogger [main] Started OperationApplication in 6.308 seconds (JVM running for 7.331)
2022-03-14 19:47:18,594 INFO o.a.j.l.DirectJDKLog [http-nio-8080-exec-1] Initializing Spring DispatcherServlet 'dispatcherServlet'
2022-03-14 19:47:18,594 INFO o.s.w.s.FrameworkServlet [http-nio-8080-exec-1] Initializing Servlet 'dispatcherServlet'
2022-03-14 19:47:18,596 INFO o.s.w.s.FrameworkServlet [http-nio-8080-exec-1] Completed initialization in 2 ms
2022-03-14 19:47:19,085 WARN o.a.j.l.DirectJDKLog [http-nio-8080-exec-1] Creation of SecureRandom instance for session ID generation using [SHA1PRNG] took [199] milliseconds.
2022-03-14 19:47:20,192 INFO c.m.d.l.SLF4JLogger [http-nio-8080-exec-1] Opened connection [connectionId{localValue:7, serverValue:25060}] to cluster0-shard-00-01.4xvkv.mongodb.net:27017
